Unity Editor version:    2021.1.23f1 (b50729e604a9)
Branch:                  2021.1/staging
Build type:              Release
Batch mode:              YES
macOS version:           Version 11.6.5 (Build 20G527)
Darwin version:          20.6.0
Architecture:            x86_64
Running under Rosetta:   NO
Available memory:        16384 MB
Using pre-set license
Pro License: NO
Pro License: NO

COMMAND LINE ARGUMENTS:
/Applications/Unity/Unity.app/Contents/MacOS/Unity
-adb2
-batchMode
-noUpm
-name
AssetImportWorker0
-projectPath
/Users/carlosemanueleb/Documents/DIGITAL MEDIA/YEAR 2/MEDIA PRODUCTION/SEMESTER # 2/blockchain-environment
-logFile
Logs/AssetImportWorker0.log
-srvPort
60053
Successfully changed project path to: /Users/carlosemanueleb/Documents/DIGITAL MEDIA/YEAR 2/MEDIA PRODUCTION/SEMESTER # 2/blockchain-environment
/Users/carlosemanueleb/Documents/DIGITAL MEDIA/YEAR 2/MEDIA PRODUCTION/SEMESTER # 2/blockchain-environment
Using Asset Import Pipeline V2.
Refreshing native plugins compatible for Editor in 111.95 ms, found 2 plugins.
Preloading 0 native plugins for Editor in 0.00 ms.
Initialize engine version: 2021.1.23f1 (b50729e604a9)
[Subsystems] Discovering subsystems at path /Applications/Unity/Unity.app/Contents/Resources/UnitySubsystems
[Subsystems] Discovering subsystems at path /Users/carlosemanueleb/Documents/DIGITAL MEDIA/YEAR 2/MEDIA PRODUCTION/SEMESTER # 2/blockchain-environment/Assets
GfxDevice: creating device client; threaded=0; jobified=0
2022-05-03 01:14:45.669 Unity[20678:7671684] Color LCD preferred device: AMD Radeon Pro 555X (high power)
2022-05-03 01:14:45.669 Unity[20678:7671684] Metal devices available: 2
2022-05-03 01:14:45.669 Unity[20678:7671684] 0: AMD Radeon Pro 555X (high power)
2022-05-03 01:14:45.669 Unity[20678:7671684] 1: Intel(R) UHD Graphics 630 (low power)
2022-05-03 01:14:45.669 Unity[20678:7671684] Using device AMD Radeon Pro 555X (high power)
Initializing Metal device caps: AMD Radeon Pro 555X
Initialize mono
Mono path[0] = '/Applications/Unity/Unity.app/Contents/Managed'
Mono path[1] = '/Applications/Unity/Unity.app/Contents/MonoBleedingEdge/lib/mono/unityjit'
Mono config path = '/Applications/Unity/Unity.app/Contents/MonoBleedingEdge/etc'
Using monoOptions --debugger-agent=transport=dt_socket,embedding=1,server=y,suspend=n,address=127.0.0.1:56678
Begin MonoManager ReloadAssembly
Error scanning for extension ivy.xml files: System.UnauthorizedAccessException: Access to the path '/Applications/Unity/PlaybackEngines/WebGLSupport/BuildTools/Emscripten_Mac/node' is denied.
  at System.IO.__Error.WinIOError (System.Int32 errorCode, System.String maybeFullPath) [0x00129] in <695d1cc93cca45069c528c15c9fdd749>:0 
  at System.IO.FileSystemEnumerableIterator`1[TSource].HandleError (System.Int32 hr, System.String path) [0x00006] in <695d1cc93cca45069c528c15c9fdd749>:0 
  at System.IO.FileSystemEnumerableIterator`1[TSource].AddSearchableDirsToStack (System.IO.Directory+SearchData localSearchData) [0x00053] in <695d1cc93cca45069c528c15c9fdd749>:0 
  at System.IO.FileSystemEnumerableIterator`1[TSource].MoveNext () [0x0008e] in <695d1cc93cca45069c528c15c9fdd749>:0 
  at System.Collections.Generic.List`1[T]..ctor (System.Collections.Generic.IEnumerable`1[T] collection) [0x00077] in <695d1cc93cca45069c528c15c9fdd749>:0 
  at System.IO.Directory.InternalGetFileDirectoryNames (System.String path, System.String userPathOriginal, System.String searchPattern, System.Boolean includeFiles, System.Boolean includeDirs, System.IO.SearchOption searchOption, System.Boolean checkHost) [0x0000f] in <695d1cc93cca45069c528c15c9fdd749>:0 
  at System.IO.Directory.InternalGetFiles (System.String path, System.String searchPattern, System.IO.SearchOption searchOption) [0x00000] in <695d1cc93cca45069c528c15c9fdd749>:0 
  at System.IO.Directory.GetFiles (System.String path, System.String searchPattern, System.IO.SearchOption searchOption) [0x00038] in <695d1cc93cca45069c528c15c9fdd749>:0 
  at UnityEditor.Modules.ModuleManager.LoadLegacyExtensionsFromIvyFiles () [0x000a5] in /Users/bokken/buildslave/unity/build/Editor/Mono/Modules/ModuleManager.cs:253 
Registering precompiled unity dll's ...
Register platform support module: /Applications/Unity/PlaybackEngines/WebGLSupport/UnityEditor.WebGL.Extensions.dll
Register platform support module: /Applications/Unity/Unity.app/Contents/PlaybackEngines/MacStandaloneSupport/UnityEditor.OSXStandalone.Extensions.dll
Registered in 0.003352 seconds.
Native extension for OSXStandalone target not found
Native extension for WebGL target not found
Refreshing native plugins compatible for Editor in 106.12 ms, found 2 plugins.
Preloading 0 native plugins for Editor in 0.00 ms.
Mono: successfully reloaded assembly
- Completed reload, in  3.230 seconds
Domain Reload Profiling:
	ReloadAssembly (3230ms)
		BeginReloadAssembly (108ms)
			ExecutionOrderSort (0ms)
			DisableScriptedObjects (0ms)
			BackupInstance (0ms)
			ReleaseScriptingObjects (0ms)
			CreateAndSetChildDomain (1ms)
		EndReloadAssembly (722ms)
			LoadAssemblies (109ms)
			RebuildTransferFunctionScriptingTraits (0ms)
			SetupTypeCache (258ms)
			ReleaseScriptCaches (0ms)
			RebuildScriptCaches (51ms)
			SetupLoadedEditorAssemblies (352ms)
				LogAssemblyErrors (0ms)
				InitializePlatformSupportModulesInManaged (9ms)
				SetLoadedEditorAssemblies (0ms)
				RefreshPlugins (106ms)
				BeforeProcessingInitializeOnLoad (2ms)
				ProcessInitializeOnLoadAttributes (184ms)
				ProcessInitializeOnLoadMethodAttributes (50ms)
				AfterProcessingInitializeOnLoad (0ms)
				EditorAssembliesLoaded (0ms)
			ExecutionOrderSort2 (0ms)
			AwakeInstancesAfterBackupRestoration (0ms)
Platform modules already initialized, skipping
Registering precompiled user dll's ...
Registered in 0.010588 seconds.
Begin MonoManager ReloadAssembly
Symbol file LoadedFromMemory doesn't match image /Users/carlosemanueleb/Documents/DIGITAL MEDIA/YEAR 2/MEDIA PRODUCTION/SEMESTER # 2/blockchain-environment/Library/PackageCache/com.unity.visualscripting@1.6.1/Editor/VisualScripting.Core/Dependencies/YamlDotNet/Unity.VisualScripting.YamlDotNet.dll
Symbol file LoadedFromMemory doesn't match image /Users/carlosemanueleb/Documents/DIGITAL MEDIA/YEAR 2/MEDIA PRODUCTION/SEMESTER # 2/blockchain-environment/Library/PackageCache/com.unity.visualscripting@1.6.1/Editor/VisualScripting.Core/Dependencies/DotNetZip/Unity.VisualScripting.IonicZip.dll
Native extension for OSXStandalone target not found
Native extension for WebGL target not found
Refreshing native plugins compatible for Editor in 121.45 ms, found 2 plugins.
Preloading 0 native plugins for Editor in 0.00 ms.
Mono: successfully reloaded assembly
- Completed reload, in  1.796 seconds
Domain Reload Profiling:
	ReloadAssembly (1797ms)
		BeginReloadAssembly (181ms)
			ExecutionOrderSort (0ms)
			DisableScriptedObjects (6ms)
			BackupInstance (0ms)
			ReleaseScriptingObjects (0ms)
			CreateAndSetChildDomain (38ms)
		EndReloadAssembly (1544ms)
			LoadAssemblies (130ms)
			RebuildTransferFunctionScriptingTraits (0ms)
			SetupTypeCache (471ms)
			ReleaseScriptCaches (1ms)
			RebuildScriptCaches (81ms)
			SetupLoadedEditorAssemblies (699ms)
				LogAssemblyErrors (0ms)
				InitializePlatformSupportModulesInManaged (6ms)
				SetLoadedEditorAssemblies (0ms)
				RefreshPlugins (122ms)
				BeforeProcessingInitializeOnLoad (97ms)
				ProcessInitializeOnLoadAttributes (461ms)
				ProcessInitializeOnLoadMethodAttributes (11ms)
				AfterProcessingInitializeOnLoad (2ms)
				EditorAssembliesLoaded (0ms)
			ExecutionOrderSort2 (0ms)
			AwakeInstancesAfterBackupRestoration (11ms)
Platform modules already initialized, skipping
========================================================================
Worker process is ready to serve import requests
Launching external process: /Applications/Unity/Unity.app/Contents/Tools/UnityShaderCompiler
Launched and connected shader compiler UnityShaderCompiler after 0.02 seconds
Refreshing native plugins compatible for Editor in 0.65 ms, found 2 plugins.
Preloading 0 native plugins for Editor in 0.00 ms.
Unloading 3421 Unused Serialized files (Serialized files now loaded: 0)
System memory in use before: 240.0 MB.
System memory in use after: 240.2 MB.

Unloading 23 unused Assets to reduce memory usage. Loaded Objects now: 3871.
Total: 4.273544 ms (FindLiveObjects: 0.283548 ms CreateObjectMapping: 0.153518 ms MarkObjects: 3.761332 ms  DeleteObjects: 0.073694 ms)

AssetImportParameters requested are different than current active one (requested -> active):
  custom:video-decoder-ogg-theora: a1e56fd34408186e4bbccfd4996cb3dc -> 
  custom:container-muxer-webm: aa71ff27fc2769a1b78a27578f13a17b -> 
  custom:container-demuxer-webm: 4f35f7cbe854078d1ac9338744f61a02 -> 
  custom:container-demuxer-ogg: 62fdf1f143b41e24485cea50d1cbac27 -> 
  custom:video-encoder-webm-vp8: eb34c28f22e8b96e1ab97ce403110664 -> 
  custom:framework-osx-AVFoundation: e770b220cccbd017edd2c1fefb359320 -> 
  custom:video-decoder-webm-vp8: 9c59270c3fd7afecdb556c50c9e8de78 -> 
  custom:audio-decoder-ogg-vorbis: bf7c407c2cedff20999df2af8eb42d56 -> 
  custom:audio-encoder-webm-vorbis: bf7c407c2cedff20999df2af8eb42d56 -> 
========================================================================
Received Import Request.
  path: Assets/100 People - Animated Characters Pack/2.Scenes/SampleScene.unity
  artifactKey: Guid(e3ff4b2530a0c460aa1016cc4edfee19) Importer(815301076,1909f56bfc062723c751e8b465ee728b)
Start importing Assets/100 People - Animated Characters Pack/2.Scenes/SampleScene.unity using Guid(e3ff4b2530a0c460aa1016cc4edfee19) Importer(815301076,1909f56bfc062723c751e8b465ee728b)  -> (artifact id: '8ca15cb89bfa322182adf1527ddd7714') in 0.014248 seconds 
========================================================================
Received Import Request.
  Time since last request: 0.000258 seconds.
  path: Assets/100 People - Animated Characters Pack/2.Scenes
  artifactKey: Guid(082bc710d423a488b880c60496709973) Importer(815301076,1909f56bfc062723c751e8b465ee728b)
Start importing Assets/100 People - Animated Characters Pack/2.Scenes using Guid(082bc710d423a488b880c60496709973) Importer(815301076,1909f56bfc062723c751e8b465ee728b)  -> (artifact id: '12dc4feedb99d67e1a68ac36ff51a9eb') in 0.001238 seconds 
========================================================================
Received Import Request.
  Time since last request: 91.074261 seconds.
  path: Assets/Scenes/CyanCube.unity
  artifactKey: Guid(8bf35ad25e4924c359f8f46612307d18) Importer(815301076,1909f56bfc062723c751e8b465ee728b)
Start importing Assets/Scenes/CyanCube.unity using Guid(8bf35ad25e4924c359f8f46612307d18) Importer(815301076,1909f56bfc062723c751e8b465ee728b)  -> (artifact id: '7664eea9232380b763b9b1f40849bfe8') in 0.002278 seconds 
========================================================================
Received Prepare
Registering precompiled user dll's ...
Registered in 0.010432 seconds.
Begin MonoManager ReloadAssembly
Symbol file LoadedFromMemory doesn't match image /Users/carlosemanueleb/Documents/DIGITAL MEDIA/YEAR 2/MEDIA PRODUCTION/SEMESTER # 2/blockchain-environment/Library/PackageCache/com.unity.visualscripting@1.6.1/Editor/VisualScripting.Core/Dependencies/YamlDotNet/Unity.VisualScripting.YamlDotNet.dll
Symbol file LoadedFromMemory doesn't match image /Users/carlosemanueleb/Documents/DIGITAL MEDIA/YEAR 2/MEDIA PRODUCTION/SEMESTER # 2/blockchain-environment/Library/PackageCache/com.unity.visualscripting@1.6.1/Editor/VisualScripting.Core/Dependencies/DotNetZip/Unity.VisualScripting.IonicZip.dll
Native extension for OSXStandalone target not found
Native extension for WebGL target not found
Refreshing native plugins compatible for Editor in 0.74 ms, found 2 plugins.
Preloading 0 native plugins for Editor in 0.00 ms.
Mono: successfully reloaded assembly
- Completed reload, in  2.034 seconds
Domain Reload Profiling:
	ReloadAssembly (2034ms)
		BeginReloadAssembly (373ms)
			ExecutionOrderSort (0ms)
			DisableScriptedObjects (15ms)
			BackupInstance (0ms)
			ReleaseScriptingObjects (0ms)
			CreateAndSetChildDomain (167ms)
		EndReloadAssembly (1581ms)
			LoadAssemblies (207ms)
			RebuildTransferFunctionScriptingTraits (1ms)
			SetupTypeCache (631ms)
			ReleaseScriptCaches (1ms)
			RebuildScriptCaches (77ms)
			SetupLoadedEditorAssemblies (552ms)
				LogAssemblyErrors (0ms)
				InitializePlatformSupportModulesInManaged (7ms)
				SetLoadedEditorAssemblies (1ms)
				RefreshPlugins (1ms)
				BeforeProcessingInitializeOnLoad (63ms)
				ProcessInitializeOnLoadAttributes (467ms)
				ProcessInitializeOnLoadMethodAttributes (11ms)
				AfterProcessingInitializeOnLoad (2ms)
				EditorAssembliesLoaded (1ms)
			ExecutionOrderSort2 (0ms)
			AwakeInstancesAfterBackupRestoration (12ms)
Platform modules already initialized, skipping
Refreshing native plugins compatible for Editor in 0.62 ms, found 2 plugins.
Preloading 0 native plugins for Editor in 0.00 ms.
Unloading 3412 Unused Serialized files (Serialized files now loaded: 0)
System memory in use before: 246.4 MB.
System memory in use after: 246.7 MB.

Unloading 16 unused Assets to reduce memory usage. Loaded Objects now: 3873.
Total: 6.769364 ms (FindLiveObjects: 0.336709 ms CreateObjectMapping: 0.187710 ms MarkObjects: 6.208715 ms  DeleteObjects: 0.034951 ms)

AssetImportParameters requested are different than current active one (requested -> active):
  custom:video-decoder-ogg-theora: a1e56fd34408186e4bbccfd4996cb3dc -> 
  custom:container-muxer-webm: aa71ff27fc2769a1b78a27578f13a17b -> 
  custom:container-demuxer-webm: 4f35f7cbe854078d1ac9338744f61a02 -> 
  custom:container-demuxer-ogg: 62fdf1f143b41e24485cea50d1cbac27 -> 
  custom:video-encoder-webm-vp8: eb34c28f22e8b96e1ab97ce403110664 -> 
  custom:framework-osx-AVFoundation: e770b220cccbd017edd2c1fefb359320 -> 
  custom:video-decoder-webm-vp8: 9c59270c3fd7afecdb556c50c9e8de78 -> 
  custom:audio-decoder-ogg-vorbis: bf7c407c2cedff20999df2af8eb42d56 -> 
  custom:audio-encoder-webm-vorbis: bf7c407c2cedff20999df2af8eb42d56 -> 
========================================================================
Received Import Request.
  Time since last request: 7056.387382 seconds.
  path: Assets/100 People - Animated Characters Pack/4.Materials/ground.mat
  artifactKey: Guid(9f063afa425414e8ea56f18aac9997ad) Importer(815301076,1909f56bfc062723c751e8b465ee728b)
Start importing Assets/100 People - Animated Characters Pack/4.Materials/ground.mat using Guid(9f063afa425414e8ea56f18aac9997ad) Importer(815301076,1909f56bfc062723c751e8b465ee728b)  -> (artifact id: 'c04e46334a1ed218ce7ba272c4e699cd') in 1.516049 seconds 
========================================================================
Received Import Request.
  Time since last request: 0.000582 seconds.
  path: Assets/100 People - Animated Characters Pack/4.Materials/Material.mat
  artifactKey: Guid(ec1ba73d365404131891b651e804e316) Importer(815301076,1909f56bfc062723c751e8b465ee728b)
Start importing Assets/100 People - Animated Characters Pack/4.Materials/Material.mat using Guid(ec1ba73d365404131891b651e804e316) Importer(815301076,1909f56bfc062723c751e8b465ee728b)  -> (artifact id: 'df166332c8e30185f894ddc1e2c5c2f5') in 0.022998 seconds 
========================================================================
Received Import Request.
  Time since last request: 0.000241 seconds.
  path: Assets/100 People - Animated Characters Pack/4.Materials/Texture.png
  artifactKey: Guid(943cb1f0db3b247048c2986eae81553b) Importer(815301076,1909f56bfc062723c751e8b465ee728b)
Start importing Assets/100 People - Animated Characters Pack/4.Materials/Texture.png using Guid(943cb1f0db3b247048c2986eae81553b) Importer(815301076,1909f56bfc062723c751e8b465ee728b)  -> (artifact id: 'fc340aece4bef444257a4198aed881c8') in 1.196847 seconds 
========================================================================
Received Import Request.
  Time since last request: 27.342874 seconds.
  path: Assets/100 People - Animated Characters Pack/README.cs
  artifactKey: Guid(9cbad279acf4e4247b6eb1209494d003) Importer(815301076,1909f56bfc062723c751e8b465ee728b)
Start importing Assets/100 People - Animated Characters Pack/README.cs using Guid(9cbad279acf4e4247b6eb1209494d003) Importer(815301076,1909f56bfc062723c751e8b465ee728b)  -> (artifact id: '176935f5fbf1f4f4561686af1697f9f2') in 3.066645 seconds 
========================================================================
Received Import Request.
  Time since last request: 9.267181 seconds.
  path: Assets/100 People - Animated Characters Pack/5.Scripts
  artifactKey: Guid(5eb50a6e827c94251be2c4c0bfaf09aa) Importer(815301076,1909f56bfc062723c751e8b465ee728b)
Start importing Assets/100 People - Animated Characters Pack/5.Scripts using Guid(5eb50a6e827c94251be2c4c0bfaf09aa) Importer(815301076,1909f56bfc062723c751e8b465ee728b)  -> (artifact id: '3800e60100ce554f1f32964966edc7cc') in 0.002650 seconds 
========================================================================
Received Import Request.
  Time since last request: 0.544943 seconds.
  path: Assets/100 People - Animated Characters Pack/4.Materials
  artifactKey: Guid(db52db1f249a74dfa95cd43c061485a1) Importer(815301076,1909f56bfc062723c751e8b465ee728b)
Start importing Assets/100 People - Animated Characters Pack/4.Materials using Guid(db52db1f249a74dfa95cd43c061485a1) Importer(815301076,1909f56bfc062723c751e8b465ee728b)  -> (artifact id: '6ff2620956fad933d43114bcdbcfbd0c') in 0.003754 seconds 
========================================================================
Received Import Request.
  Time since last request: 0.460945 seconds.
  path: Assets/100 People - Animated Characters Pack/3.Animations
  artifactKey: Guid(882da8e06f2f24673bcd1ad33b4e0347) Importer(815301076,1909f56bfc062723c751e8b465ee728b)
Start importing Assets/100 People - Animated Characters Pack/3.Animations using Guid(882da8e06f2f24673bcd1ad33b4e0347) Importer(815301076,1909f56bfc062723c751e8b465ee728b)  -> (artifact id: '9579c387bf14e15fbd63a344565bde38') in 0.001919 seconds 
========================================================================
Received Prepare
Registering precompiled user dll's ...
Registered in 0.002880 seconds.
Begin MonoManager ReloadAssembly
Symbol file LoadedFromMemory doesn't match image /Users/carlosemanueleb/Documents/DIGITAL MEDIA/YEAR 2/MEDIA PRODUCTION/SEMESTER # 2/blockchain-environment/Library/PackageCache/com.unity.visualscripting@1.6.1/Editor/VisualScripting.Core/Dependencies/YamlDotNet/Unity.VisualScripting.YamlDotNet.dll
Symbol file LoadedFromMemory doesn't match image /Users/carlosemanueleb/Documents/DIGITAL MEDIA/YEAR 2/MEDIA PRODUCTION/SEMESTER # 2/blockchain-environment/Library/PackageCache/com.unity.visualscripting@1.6.1/Editor/VisualScripting.Core/Dependencies/DotNetZip/Unity.VisualScripting.IonicZip.dll
Native extension for OSXStandalone target not found
Native extension for WebGL target not found
Refreshing native plugins compatible for Editor in 0.65 ms, found 2 plugins.
Preloading 0 native plugins for Editor in 0.00 ms.
Mono: successfully reloaded assembly
- Completed reload, in  1.350 seconds
Domain Reload Profiling:
	ReloadAssembly (1351ms)
		BeginReloadAssembly (138ms)
			ExecutionOrderSort (0ms)
			DisableScriptedObjects (5ms)
			BackupInstance (0ms)
			ReleaseScriptingObjects (0ms)
			CreateAndSetChildDomain (71ms)
		EndReloadAssembly (1142ms)
			LoadAssemblies (80ms)
			RebuildTransferFunctionScriptingTraits (0ms)
			SetupTypeCache (461ms)
			ReleaseScriptCaches (1ms)
			RebuildScriptCaches (70ms)
			SetupLoadedEditorAssemblies (368ms)
				LogAssemblyErrors (0ms)
				InitializePlatformSupportModulesInManaged (6ms)
				SetLoadedEditorAssemblies (1ms)
				RefreshPlugins (1ms)
				BeforeProcessingInitializeOnLoad (53ms)
				ProcessInitializeOnLoadAttributes (296ms)
				ProcessInitializeOnLoadMethodAttributes (8ms)
				AfterProcessingInitializeOnLoad (2ms)
				EditorAssembliesLoaded (0ms)
			ExecutionOrderSort2 (0ms)
			AwakeInstancesAfterBackupRestoration (16ms)
Platform modules already initialized, skipping
Refreshing native plugins compatible for Editor in 0.91 ms, found 2 plugins.
Preloading 0 native plugins for Editor in 0.00 ms.
Unloading 3413 Unused Serialized files (Serialized files now loaded: 0)
System memory in use before: 264.7 MB.
System memory in use after: 264.9 MB.

Unloading 16 unused Assets to reduce memory usage. Loaded Objects now: 3932.
Total: 3.631801 ms (FindLiveObjects: 0.249169 ms CreateObjectMapping: 0.132207 ms MarkObjects: 3.235113 ms  DeleteObjects: 0.014461 ms)

AssetImportParameters requested are different than current active one (requested -> active):
  custom:video-decoder-ogg-theora: a1e56fd34408186e4bbccfd4996cb3dc -> 
  custom:container-muxer-webm: aa71ff27fc2769a1b78a27578f13a17b -> 
  custom:container-demuxer-webm: 4f35f7cbe854078d1ac9338744f61a02 -> 
  custom:container-demuxer-ogg: 62fdf1f143b41e24485cea50d1cbac27 -> 
  custom:video-encoder-webm-vp8: eb34c28f22e8b96e1ab97ce403110664 -> 
  custom:framework-osx-AVFoundation: e770b220cccbd017edd2c1fefb359320 -> 
  custom:video-decoder-webm-vp8: 9c59270c3fd7afecdb556c50c9e8de78 -> 
  custom:audio-decoder-ogg-vorbis: bf7c407c2cedff20999df2af8eb42d56 -> 
  custom:audio-encoder-webm-vorbis: bf7c407c2cedff20999df2af8eb42d56 -> 
========================================================================
Received Prepare
Registering precompiled user dll's ...
Registered in 0.003472 seconds.
Begin MonoManager ReloadAssembly
Symbol file LoadedFromMemory doesn't match image /Users/carlosemanueleb/Documents/DIGITAL MEDIA/YEAR 2/MEDIA PRODUCTION/SEMESTER # 2/blockchain-environment/Library/PackageCache/com.unity.visualscripting@1.6.1/Editor/VisualScripting.Core/Dependencies/YamlDotNet/Unity.VisualScripting.YamlDotNet.dll
Symbol file LoadedFromMemory doesn't match image /Users/carlosemanueleb/Documents/DIGITAL MEDIA/YEAR 2/MEDIA PRODUCTION/SEMESTER # 2/blockchain-environment/Library/PackageCache/com.unity.visualscripting@1.6.1/Editor/VisualScripting.Core/Dependencies/DotNetZip/Unity.VisualScripting.IonicZip.dll
Native extension for OSXStandalone target not found
Native extension for WebGL target not found
Refreshing native plugins compatible for Editor in 0.61 ms, found 2 plugins.
Preloading 0 native plugins for Editor in 0.00 ms.
Mono: successfully reloaded assembly
- Completed reload, in  1.448 seconds
Domain Reload Profiling:
	ReloadAssembly (1448ms)
		BeginReloadAssembly (176ms)
			ExecutionOrderSort (0ms)
			DisableScriptedObjects (9ms)
			BackupInstance (0ms)
			ReleaseScriptingObjects (0ms)
			CreateAndSetChildDomain (93ms)
		EndReloadAssembly (1195ms)
			LoadAssemblies (93ms)
			RebuildTransferFunctionScriptingTraits (0ms)
			SetupTypeCache (484ms)
			ReleaseScriptCaches (1ms)
			RebuildScriptCaches (64ms)
			SetupLoadedEditorAssemblies (405ms)
				LogAssemblyErrors (0ms)
				InitializePlatformSupportModulesInManaged (5ms)
				SetLoadedEditorAssemblies (1ms)
				RefreshPlugins (1ms)
				BeforeProcessingInitializeOnLoad (51ms)
				ProcessInitializeOnLoadAttributes (338ms)
				ProcessInitializeOnLoadMethodAttributes (8ms)
				AfterProcessingInitializeOnLoad (2ms)
				EditorAssembliesLoaded (0ms)
			ExecutionOrderSort2 (0ms)
			AwakeInstancesAfterBackupRestoration (17ms)
Platform modules already initialized, skipping
Refreshing native plugins compatible for Editor in 0.61 ms, found 2 plugins.
Preloading 0 native plugins for Editor in 0.00 ms.
Unloading 3410 Unused Serialized files (Serialized files now loaded: 0)
System memory in use before: 264.9 MB.
System memory in use after: 265.2 MB.

Unloading 18 unused Assets to reduce memory usage. Loaded Objects now: 3932.
Total: 4.232429 ms (FindLiveObjects: 0.273798 ms CreateObjectMapping: 0.171747 ms MarkObjects: 3.762153 ms  DeleteObjects: 0.023608 ms)

AssetImportParameters requested are different than current active one (requested -> active):
  custom:video-decoder-ogg-theora: a1e56fd34408186e4bbccfd4996cb3dc -> 
  custom:container-muxer-webm: aa71ff27fc2769a1b78a27578f13a17b -> 
  custom:container-demuxer-webm: 4f35f7cbe854078d1ac9338744f61a02 -> 
  custom:container-demuxer-ogg: 62fdf1f143b41e24485cea50d1cbac27 -> 
  custom:video-encoder-webm-vp8: eb34c28f22e8b96e1ab97ce403110664 -> 
  custom:framework-osx-AVFoundation: e770b220cccbd017edd2c1fefb359320 -> 
  custom:video-decoder-webm-vp8: 9c59270c3fd7afecdb556c50c9e8de78 -> 
  custom:audio-decoder-ogg-vorbis: bf7c407c2cedff20999df2af8eb42d56 -> 
  custom:audio-encoder-webm-vorbis: bf7c407c2cedff20999df2af8eb42d56 -> 
